<?xml version="1.0" encoding="UTF-8"?>
<testsuite name="InterpreterTest" tests="3" skipped="0" failures="0" errors="0" timestamp="2022-05-06T15:14:45" hostname="DESKTOP-4RA5DJE" time="0.041">
  <properties/>
  <testcase name="shouldBeSecondHelloWorld()" classname="InterpreterTest" time="0.036"/>
  <testcase name="shouldBeFirstHelloWorld()" classname="InterpreterTest" time="0.001"/>
  <testcase name="shouldBeThirdHelloWorld()" classname="InterpreterTest" time="0.002"/>
  <system-out><![CDATA[]]></system-out>
  <system-err><![CDATA[]]></system-err>
</testsuite>
